
> ninebox@0.1.0 build /home/eduardo/www/projects/hr-tools/apps/ninebox
> next build

- info Creating an optimized production build...
- info Compiled successfully
- info Linting and checking validity of types...
- info Collecting page data...
- info Generating static pages (0/3)
- info Generating static pages (3/3)
- info Finalizing page optimization...

Route (app)                                Size     First Load JS
─ ○ /                                      137 B          78.6 kB
+ First Load JS shared by all              78.4 kB
  ├ chunks/934-60fa7a3a5bd4b076.js         26.1 kB
  ├ chunks/c260e7fb-1dc88cd74c938f5d.js    50.5 kB
  ├ chunks/main-app-0db61222ff6599e0.js    220 B
  └ chunks/webpack-2130ef3b440a4a13.js     1.64 kB

Route (pages)                              Size     First Load JS
─ ○ /404                                   182 B          76.4 kB
+ First Load JS shared by all              76.3 kB
  ├ chunks/framework-eb124dc7acb3bb04.js   45.1 kB
  ├ chunks/main-0e86939bcd55658a.js        29.4 kB
  ├ chunks/pages/_app-82ff52170628f1f6.js  191 B
  └ chunks/webpack-2130ef3b440a4a13.js     1.64 kB

○  (Static)  automatically rendered as static HTML (uses no initial props)

